<?xml version="1.0" encoding="UTF-8"?>
<!-- Generated by org.testng.reporters.JUnitReportReporter -->
<testsuite hostname="DESKTOP-7KS9I4R" failures="0" tests="1" name="Practice.FindsElements" time="5.022" errors="0" timestamp="2024-02-13T18:53:21 IST" skipped="0">
  <testcase classname="Practice.FindsElements" name="getOrder" time="5.022"/>
</testsuite> <!-- Practice.FindsElements -->
