<?xml version="1.0" encoding="UTF-8"?>
<!-- Generated by org.testng.reporters.JUnitReportReporter -->
<testsuite hostname="DESKTOP-7KS9I4R" failures="0" tests="1" name="Practice.Aserstion" time="6.736" errors="0" timestamp="2024-02-13T17:49:35 IST" skipped="0">
  <testcase classname="Practice.Aserstion" name="pyspendra" time="6.736"/>
</testsuite> <!-- Practice.Aserstion -->
