<?xml version="1.0" encoding="UTF-8"?>
<!-- Generated by org.testng.reporters.JUnitReportReporter -->
<testsuite hostname="DESKTOP-7KS9I4R" failures="0" tests="1" name="Practice.pageTitle" time="14.553" errors="0" timestamp="2024-02-14T07:23:10 IST" skipped="0">
  <testcase classname="Practice.pageTitle" name="getTitle" time="14.553"/>
</testsuite> <!-- Practice.pageTitle -->
